2022-10-27 11:14:08,757 - mf - INFO - Using configuration 'DefaultConfig'
2022-10-27 11:14:08,758 - mf - DEBUG - Using specified axis filter - 'All'
2022-10-27 11:14:08,758 - mf - INFO - Parameters: None specified
2022-10-27 11:14:08,842 - mf - INFO - Makefile version: N/A (/makefile)
2022-10-27 11:14:08,842 - mf - DEBUG - Makefile launch command: /test_makefiles/mf_simple.py
2022-10-27 11:14:08,846 - lm_factory - DEBUG - Setting 'LabManager' class
2022-10-27 11:14:08,846 - mf - DEBUG - Combinations count: 1, Pool size: 2
2022-10-27 13:26:19,258 - mf - DEBUG - Execution of 'M1' finished after 2:12:10s.
2022-10-27 13:26:19,259 - mf - INFO -        ___  ___      _         __ _ _                            _ _         
2022-10-27 13:26:19,259 - mf - INFO -        |  \/  |     | |       / _(_) |                          | | |        
2022-10-27 13:26:19,259 - mf - INFO -        | .  . | __ _| | _____| |_ _| | ___   _ __ ___  ___ _   _| | |_       
2022-10-27 13:26:19,259 - mf - INFO -        | |\/| |/ _` | |/ / _ \  _| | |/ _ \ | '__/ _ \/ __| | | | | __|      
2022-10-27 13:26:19,259 - mf - INFO -        | |  | | (_| |   <  __/ | | | |  __/ | | |  __/\__ \ |_| | | |_       
2022-10-27 13:26:19,259 - mf - INFO -        \_|  |_/\__,_|_|\_\___|_| |_|_|\___| |_|  \___||___/\__,_|_|\__|      
2022-10-27 13:26:19,259 - mf - INFO - +------------------+----------------------------------------------------------+
2022-10-27 13:26:19,259 - mf - INFO - | Axis combination | Summary                                                  |
2022-10-27 13:26:19,259 - mf - INFO - +------------------+----------------------------------------------------------+
2022-10-27 13:26:19,260 - mf - INFO - | M1               | FINISHED                                                 |
2022-10-27 13:26:19,260 - mf - INFO - +------------------+----------------------------------------------------------+
2022-10-27 13:26:19,274 - mf - DEBUG - No C4 XMLs found.
2022-10-27 13:26:19,275 - Formatter - DEBUG - File "test_makefiles/results/makefile_result.xml" was loaded
2022-10-27 13:26:19,285 - mf - INFO - HTML report: test_makefiles/results/result.html
2022-10-27 13:26:19,285 - mf - DEBUG - Exit code: 0
2022-10-27 13:26:19,288 - c4 - DEBUG - -> collect_logs_and_dump_json()
2022-10-27 13:26:19,288 - c4 - DEBUG - <- collect_logs_and_dump_json(): defaultdict(<class 'list'>, {})
